2018-05-11 16:55:35,321 [INFO] [main] com.cloud.shopping.eureka.ShoppingEurekaApplication [SpringApplication.java : 597] The following profiles are active: dev
2018-05-11 16:55:35,339 [INFO] [main] o.s.b.c.e.AnnotationConfigEmbeddedWebApplicationContext [AbstractApplicationContext.java : 582] Refreshing org.springframework.boot.context.embedded.AnnotationConfigEmbeddedWebApplicationContext@4b3a45f1: startup date [Fri May 11 16:55:35 CST 2018]; parent: org.springframework.context.annotation.AnnotationConfigApplicationContext@2abf4075
2018-05-11 16:55:37,192 [INFO] [main] org.springframework.cloud.context.scope.GenericScope [GenericScope.java : 287] BeanFactory id=fdbc6cbc-aac4-3c4f-985a-4c4285adcf3b
2018-05-11 16:55:37,225 [INFO] [main] o.s.b.f.annotation.AutowiredAnnotationBeanPostProcessor [AutowiredAnnotationBeanPostProcessor.java : 155] JSR-330 'javax.inject.Inject' annotation found and supported for autowiring
2018-05-11 16:55:37,332 [INFO] [main] o.s.c.s.PostProcessorRegistrationDelegate$BeanPostProcessorChecker [PostProcessorRegistrationDelegate.java : 325] Bean 'org.springframework.cloud.netflix.metrics.MetricsInterceptorConfiguration$MetricsRestTemplateConfiguration' of type [org.springframework.cloud.netflix.metrics.MetricsInterceptorConfiguration$MetricsRestTemplateConfiguration$$EnhancerBySpringCGLIB$$20b6780e] is not eligible for getting processed by all BeanPostProcessors (for example: not eligible for auto-proxying)
2018-05-11 16:55:37,355 [INFO] [main] o.s.c.s.PostProcessorRegistrationDelegate$BeanPostProcessorChecker [PostProcessorRegistrationDelegate.java : 325] Bean 'org.springframework.cloud.autoconfigure.ConfigurationPropertiesRebinderAutoConfiguration' of type [org.springframework.cloud.autoconfigure.ConfigurationPropertiesRebinderAutoConfiguration$$EnhancerBySpringCGLIB$$aa3d4ca] is not eligible for getting processed by all BeanPostProcessors (for example: not eligible for auto-proxying)
2018-05-11 16:55:37,951 [INFO] [main] o.s.b.context.embedded.tomcat.TomcatEmbeddedServletContainer [TomcatEmbeddedServletContainer.java : 89] Tomcat initialized with port(s): 8761 (http)
2018-05-11 16:55:37,965 [INFO] [main] org.apache.catalina.core.StandardService [DirectJDKLog.java : 179] Starting service [Tomcat]
2018-05-11 16:55:37,968 [INFO] [main] org.apache.catalina.core.StandardEngine [DirectJDKLog.java : 179] Starting Servlet Engine: Apache Tomcat/8.5.16
2018-05-11 16:55:38,170 [INFO] [localhost-startStop-1] o.a.catalina.core.ContainerBase.[Tomcat].[localhost].[/] [DirectJDKLog.java : 179] Initializing Spring embedded WebApplicationContext
2018-05-11 16:55:38,170 [INFO] [localhost-startStop-1] org.springframework.web.context.ContextLoader [EmbeddedWebApplicationContext.java : 276] Root WebApplicationContext: initialization completed in 2832 ms
2018-05-11 16:55:39,217 [INFO] [localhost-startStop-1] org.springframework.boot.web.servlet.FilterRegistrationBean [AbstractFilterRegistrationBean.java : 258] Mapping filter: 'metricsFilter' to: [/*]
2018-05-11 16:55:39,218 [INFO] [localhost-startStop-1] org.springframework.boot.web.servlet.FilterRegistrationBean [AbstractFilterRegistrationBean.java : 258] Mapping filter: 'characterEncodingFilter' to: [/*]
2018-05-11 16:55:39,219 [INFO] [localhost-startStop-1] org.springframework.boot.web.servlet.FilterRegistrationBean [AbstractFilterRegistrationBean.java : 258] Mapping filter: 'hiddenHttpMethodFilter' to: [/*]
2018-05-11 16:55:39,219 [INFO] [localhost-startStop-1] org.springframework.boot.web.servlet.FilterRegistrationBean [AbstractFilterRegistrationBean.java : 258] Mapping filter: 'httpPutFormContentFilter' to: [/*]
2018-05-11 16:55:39,220 [INFO] [localhost-startStop-1] org.springframework.boot.web.servlet.FilterRegistrationBean [AbstractFilterRegistrationBean.java : 258] Mapping filter: 'requestContextFilter' to: [/*]
2018-05-11 16:55:39,222 [INFO] [localhost-startStop-1] o.s.boot.web.servlet.DelegatingFilterProxyRegistrationBean [AbstractFilterRegistrationBean.java : 258] Mapping filter: 'springSecurityFilterChain' to: [/*]
2018-05-11 16:55:39,222 [INFO] [localhost-startStop-1] org.springframework.boot.web.servlet.FilterRegistrationBean [AbstractFilterRegistrationBean.java : 258] Mapping filter: 'webRequestTraceFilter' to: [/*]
2018-05-11 16:55:39,225 [INFO] [localhost-startStop-1] org.springframework.boot.web.servlet.FilterRegistrationBean [AbstractFilterRegistrationBean.java : 271] Mapping filter: 'servletContainer' to urls: [/eureka/*]
2018-05-11 16:55:39,225 [INFO] [localhost-startStop-1] org.springframework.boot.web.servlet.FilterRegistrationBean [AbstractFilterRegistrationBean.java : 258] Mapping filter: 'applicationContextIdFilter' to: [/*]
2018-05-11 16:55:39,226 [INFO] [localhost-startStop-1] org.springframework.boot.web.servlet.ServletRegistrationBean [ServletRegistrationBean.java : 190] Mapping servlet: 'dispatcherServlet' to [/]
2018-05-11 16:55:39,345 [INFO] [localhost-startStop-1] com.sun.jersey.server.impl.application.WebApplicationImpl [WebApplicationImpl.java : 815] Initiating Jersey application, version 'Jersey: 1.19.1 03/11/2016 02:08 PM'
2018-05-11 16:55:39,443 [INFO] [localhost-startStop-1] com.netflix.discovery.provider.DiscoveryJerseyProvider [DiscoveryJerseyProvider.java : 70] Using JSON encoding codec LegacyJacksonJson
2018-05-11 16:55:39,445 [INFO] [localhost-startStop-1] com.netflix.discovery.provider.DiscoveryJerseyProvider [DiscoveryJerseyProvider.java : 71] Using JSON decoding codec LegacyJacksonJson
2018-05-11 16:55:39,923 [INFO] [localhost-startStop-1] com.netflix.discovery.provider.DiscoveryJerseyProvider [DiscoveryJerseyProvider.java : 80] Using XML encoding codec XStreamXml
2018-05-11 16:55:39,924 [INFO] [localhost-startStop-1] com.netflix.discovery.provider.DiscoveryJerseyProvider [DiscoveryJerseyProvider.java : 81] Using XML decoding codec XStreamXml
2018-05-11 16:55:41,128 [WARN] [main] com.netflix.config.sources.URLConfigurationSource [URLConfigurationSource.java : 121] No URLs will be polled as dynamic configuration sources.
2018-05-11 16:55:41,129 [INFO] [main] com.netflix.config.sources.URLConfigurationSource [URLConfigurationSource.java : 122] To enable URLs as dynamic configuration sources, define System property archaius.configurationSource.additionalUrls or make config.properties available on classpath.
2018-05-11 16:55:41,137 [WARN] [main] com.netflix.config.sources.URLConfigurationSource [URLConfigurationSource.java : 121] No URLs will be polled as dynamic configuration sources.
2018-05-11 16:55:41,138 [INFO] [main] com.netflix.config.sources.URLConfigurationSource [URLConfigurationSource.java : 122] To enable URLs as dynamic configuration sources, define System property archaius.configurationSource.additionalUrls or make config.properties available on classpath.
2018-05-11 16:55:41,463 [INFO] [main] o.s.w.s.mvc.method.annotation.RequestMappingHandlerAdapter [RequestMappingHandlerAdapter.java : 534] Looking for @ControllerAdvice: org.springframework.boot.context.embedded.AnnotationConfigEmbeddedWebApplicationContext@4b3a45f1: startup date [Fri May 11 16:55:35 CST 2018]; parent: org.springframework.context.annotation.AnnotationConfigApplicationContext@2abf4075
2018-05-11 16:55:41,630 [INFO] [main] o.s.w.s.mvc.method.annotation.RequestMappingHandlerMapping [AbstractHandlerMethodMapping.java : 543] Mapped "{[/error]}" onto public org.springframework.http.ResponseEntity<java.util.Map<java.lang.String, java.lang.Object>> org.springframework.boot.autoconfigure.web.BasicErrorController.error(javax.servlet.http.HttpServletRequest)
2018-05-11 16:55:41,631 [INFO] [main] o.s.w.s.mvc.method.annotation.RequestMappingHandlerMapping [AbstractHandlerMethodMapping.java : 543] Mapped "{[/error],produces=[text/html]}" onto public org.springframework.web.servlet.ModelAndView org.springframework.boot.autoconfigure.web.BasicErrorController.errorHtml(javax.servlet.http.HttpServletRequest,javax.servlet.http.HttpServletResponse)
2018-05-11 16:55:41,638 [INFO] [main] o.s.w.s.mvc.method.annotation.RequestMappingHandlerMapping [AbstractHandlerMethodMapping.java : 543] Mapped "{[/],methods=[GET]}" onto public java.lang.String org.springframework.cloud.netflix.eureka.server.EurekaController.status(javax.servlet.http.HttpServletRequest,java.util.Map<java.lang.String, java.lang.Object>)
2018-05-11 16:55:41,640 [INFO] [main] o.s.w.s.mvc.method.annotation.RequestMappingHandlerMapping [AbstractHandlerMethodMapping.java : 543] Mapped "{[/lastn],methods=[GET]}" onto public java.lang.String org.springframework.cloud.netflix.eureka.server.EurekaController.lastn(javax.servlet.http.HttpServletRequest,java.util.Map<java.lang.String, java.lang.Object>)
2018-05-11 16:55:41,678 [INFO] [main] o.s.web.servlet.handler.SimpleUrlHandlerMapping [AbstractUrlHandlerMapping.java : 362] Mapped URL path [/webjars/**] onto handler of type [class org.springframework.web.servlet.resource.ResourceHttpRequestHandler]
2018-05-11 16:55:41,686 [INFO] [main] o.s.web.servlet.handler.SimpleUrlHandlerMapping [AbstractUrlHandlerMapping.java : 362] Mapped URL path [/**] onto handler of type [class org.springframework.web.servlet.resource.ResourceHttpRequestHandler]
2018-05-11 16:55:41,736 [INFO] [main] o.s.web.servlet.handler.SimpleUrlHandlerMapping [AbstractUrlHandlerMapping.java : 362] Mapped URL path [/**/favicon.ico] onto handler of type [class org.springframework.web.servlet.resource.ResourceHttpRequestHandler]
2018-05-11 16:55:43,007 [INFO] [main] org.springframework.security.web.DefaultSecurityFilterChain [DefaultSecurityFilterChain.java : 43] Creating filter chain: OrRequestMatcher [requestMatchers=[Ant [pattern='/css/**'], Ant [pattern='/js/**'], Ant [pattern='/images/**'], Ant [pattern='/webjars/**'], Ant [pattern='/**/favicon.ico'], Ant [pattern='/error']]], []
2018-05-11 16:55:43,397 [INFO] [main] o.s.boot.actuate.endpoint.mvc.EndpointHandlerMapping [AbstractHandlerMethodMapping.java : 543] Mapped "{[/mappings || /mappings.json],methods=[GET],produces=[application/vnd.spring-boot.actuator.v1+json || application/json]}" onto public java.lang.Object org.springframework.boot.actuate.endpoint.mvc.EndpointMvcAdapter.invoke()
2018-05-11 16:55:43,398 [INFO] [main] o.s.boot.actuate.endpoint.mvc.EndpointHandlerMapping [AbstractHandlerMethodMapping.java : 543] Mapped "{[/heapdump || /heapdump.json],methods=[GET],produces=[application/octet-stream]}" onto public void org.springframework.boot.actuate.endpoint.mvc.HeapdumpMvcEndpoint.invoke(boolean,javax.servlet.http.HttpServletRequest,javax.servlet.http.HttpServletResponse) throws java.io.IOException,javax.servlet.ServletException
2018-05-11 16:55:43,400 [INFO] [main] o.s.boot.actuate.endpoint.mvc.EndpointHandlerMapping [AbstractHandlerMethodMapping.java : 543] Mapped "{[/metrics/{name:.*}],methods=[GET],produces=[application/vnd.spring-boot.actuator.v1+json || application/json]}" onto public java.lang.Object org.springframework.boot.actuate.endpoint.mvc.MetricsMvcEndpoint.value(java.lang.String)
2018-05-11 16:55:43,401 [INFO] [main] o.s.boot.actuate.endpoint.mvc.EndpointHandlerMapping [AbstractHandlerMethodMapping.java : 543] Mapped "{[/metrics || /metrics.json],methods=[GET],produces=[application/vnd.spring-boot.actuator.v1+json || application/json]}" onto public java.lang.Object org.springframework.boot.actuate.endpoint.mvc.EndpointMvcAdapter.invoke()
2018-05-11 16:55:43,402 [INFO] [main] o.s.boot.actuate.endpoint.mvc.EndpointHandlerMapping [AbstractHandlerMethodMapping.java : 543] Mapped "{[/archaius || /archaius.json],methods=[GET],produces=[application/vnd.spring-boot.actuator.v1+json || application/json]}" onto public java.lang.Object org.springframework.boot.actuate.endpoint.mvc.EndpointMvcAdapter.invoke()
2018-05-11 16:55:43,404 [INFO] [main] o.s.boot.actuate.endpoint.mvc.EndpointHandlerMapping [AbstractHandlerMethodMapping.java : 543] Mapped "{[/features || /features.json],methods=[GET],produces=[application/vnd.spring-boot.actuator.v1+json || application/json]}" onto public java.lang.Object org.springframework.boot.actuate.endpoint.mvc.EndpointMvcAdapter.invoke()
2018-05-11 16:55:43,405 [INFO] [main] o.s.boot.actuate.endpoint.mvc.EndpointHandlerMapping [AbstractHandlerMethodMapping.java : 543] Mapped "{[/beans || /beans.json],methods=[GET],produces=[application/vnd.spring-boot.actuator.v1+json || application/json]}" onto public java.lang.Object org.springframework.boot.actuate.endpoint.mvc.EndpointMvcAdapter.invoke()
2018-05-11 16:55:43,406 [INFO] [main] o.s.boot.actuate.endpoint.mvc.EndpointHandlerMapping [AbstractHandlerMethodMapping.java : 543] Mapped "{[/service-registry/instance-status],methods=[GET]}" onto public org.springframework.http.ResponseEntity org.springframework.cloud.client.serviceregistry.endpoint.ServiceRegistryEndpoint.getStatus()
2018-05-11 16:55:43,408 [INFO] [main] o.s.boot.actuate.endpoint.mvc.EndpointHandlerMapping [AbstractHandlerMethodMapping.java : 543] Mapped "{[/service-registry/instance-status],methods=[POST]}" onto public org.springframework.http.ResponseEntity<?> org.springframework.cloud.client.serviceregistry.endpoint.ServiceRegistryEndpoint.setStatus(java.lang.String)
2018-05-11 16:55:43,409 [INFO] [main] o.s.boot.actuate.endpoint.mvc.EndpointHandlerMapping [AbstractHandlerMethodMapping.java : 543] Mapped "{[/env],methods=[POST]}" onto public java.lang.Object org.springframework.cloud.context.environment.EnvironmentManagerMvcEndpoint.value(java.util.Map<java.lang.String, java.lang.String>)
2018-05-11 16:55:43,410 [INFO] [main] o.s.boot.actuate.endpoint.mvc.EndpointHandlerMapping [AbstractHandlerMethodMapping.java : 543] Mapped "{[/env/reset],methods=[POST]}" onto public java.util.Map<java.lang.String, java.lang.Object> org.springframework.cloud.context.environment.EnvironmentManagerMvcEndpoint.reset()
2018-05-11 16:55:43,412 [INFO] [main] o.s.boot.actuate.endpoint.mvc.EndpointHandlerMapping [AbstractHandlerMethodMapping.java : 543] Mapped "{[/health || /health.json],methods=[GET],produces=[application/vnd.spring-boot.actuator.v1+json || application/json]}" onto public java.lang.Object org.springframework.boot.actuate.endpoint.mvc.HealthMvcEndpoint.invoke(javax.servlet.http.HttpServletRequest,java.security.Principal)
2018-05-11 16:55:43,413 [INFO] [main] o.s.boot.actuate.endpoint.mvc.EndpointHandlerMapping [AbstractHandlerMethodMapping.java : 543] Mapped "{[/info || /info.json],methods=[GET],produces=[application/vnd.spring-boot.actuator.v1+json || application/json]}" onto public java.lang.Object org.springframework.boot.actuate.endpoint.mvc.EndpointMvcAdapter.invoke()
2018-05-11 16:55:43,416 [INFO] [main] o.s.boot.actuate.endpoint.mvc.EndpointHandlerMapping [AbstractHandlerMethodMapping.java : 543] Mapped "{[/dump || /dump.json],methods=[GET],produces=[application/vnd.spring-boot.actuator.v1+json || application/json]}" onto public java.lang.Object org.springframework.boot.actuate.endpoint.mvc.EndpointMvcAdapter.invoke()
2018-05-11 16:55:43,417 [INFO] [main] o.s.boot.actuate.endpoint.mvc.EndpointHandlerMapping [AbstractHandlerMethodMapping.java : 543] Mapped "{[/autoconfig || /autoconfig.json],methods=[GET],produces=[application/vnd.spring-boot.actuator.v1+json || application/json]}" onto public java.lang.Object org.springframework.boot.actuate.endpoint.mvc.EndpointMvcAdapter.invoke()
2018-05-11 16:55:43,418 [INFO] [main] o.s.boot.actuate.endpoint.mvc.EndpointHandlerMapping [AbstractHandlerMethodMapping.java : 543] Mapped "{[/logfile || /logfile.json],methods=[GET || HEAD]}" onto public void org.springframework.boot.actuate.endpoint.mvc.LogFileMvcEndpoint.invoke(javax.servlet.http.HttpServletRequest,javax.servlet.http.HttpServletResponse) throws javax.servlet.ServletException,java.io.IOException
2018-05-11 16:55:43,420 [INFO] [main] o.s.boot.actuate.endpoint.mvc.EndpointHandlerMapping [AbstractHandlerMethodMapping.java : 543] Mapped "{[/env/{name:.*}],methods=[GET],produces=[application/vnd.spring-boot.actuator.v1+json || application/json]}" onto public java.lang.Object org.springframework.boot.actuate.endpoint.mvc.EnvironmentMvcEndpoint.value(java.lang.String)
2018-05-11 16:55:43,421 [INFO] [main] o.s.boot.actuate.endpoint.mvc.EndpointHandlerMapping [AbstractHandlerMethodMapping.java : 543] Mapped "{[/env || /env.json],methods=[GET],produces=[application/vnd.spring-boot.actuator.v1+json || application/json]}" onto public java.lang.Object org.springframework.boot.actuate.endpoint.mvc.EndpointMvcAdapter.invoke()
2018-05-11 16:55:43,422 [INFO] [main] o.s.boot.actuate.endpoint.mvc.EndpointHandlerMapping [AbstractHandlerMethodMapping.java : 543] Mapped "{[/configprops || /configprops.json],methods=[GET],produces=[application/vnd.spring-boot.actuator.v1+json || application/json]}" onto public java.lang.Object org.springframework.boot.actuate.endpoint.mvc.EndpointMvcAdapter.invoke()
2018-05-11 16:55:43,425 [INFO] [main] o.s.boot.actuate.endpoint.mvc.EndpointHandlerMapping [AbstractHandlerMethodMapping.java : 543] Mapped "{[/auditevents || /auditevents.json],methods=[GET],produces=[application/vnd.spring-boot.actuator.v1+json || application/json]}" onto public org.springframework.http.ResponseEntity<?> org.springframework.boot.actuate.endpoint.mvc.AuditEventsMvcEndpoint.findByPrincipalAndAfterAndType(java.lang.String,java.util.Date,java.lang.String)
2018-05-11 16:55:43,427 [INFO] [main] o.s.boot.actuate.endpoint.mvc.EndpointHandlerMapping [AbstractHandlerMethodMapping.java : 543] Mapped "{[/trace || /trace.json],methods=[GET],produces=[application/vnd.spring-boot.actuator.v1+json || application/json]}" onto public java.lang.Object org.springframework.boot.actuate.endpoint.mvc.EndpointMvcAdapter.invoke()
2018-05-11 16:55:43,430 [INFO] [main] o.s.boot.actuate.endpoint.mvc.EndpointHandlerMapping [AbstractHandlerMethodMapping.java : 543] Mapped "{[/loggers/{name:.*}],methods=[GET],produces=[application/vnd.spring-boot.actuator.v1+json || application/json]}" onto public java.lang.Object org.springframework.boot.actuate.endpoint.mvc.LoggersMvcEndpoint.get(java.lang.String)
2018-05-11 16:55:43,432 [INFO] [main] o.s.boot.actuate.endpoint.mvc.EndpointHandlerMapping [AbstractHandlerMethodMapping.java : 543] Mapped "{[/loggers/{name:.*}],methods=[POST],consumes=[application/vnd.spring-boot.actuator.v1+json || application/json],produces=[application/vnd.spring-boot.actuator.v1+json || application/json]}" onto public java.lang.Object org.springframework.boot.actuate.endpoint.mvc.LoggersMvcEndpoint.set(java.lang.String,java.util.Map<java.lang.String, java.lang.String>)
2018-05-11 16:55:43,434 [INFO] [main] o.s.boot.actuate.endpoint.mvc.EndpointHandlerMapping [AbstractHandlerMethodMapping.java : 543] Mapped "{[/loggers || /loggers.json],methods=[GET],produces=[application/vnd.spring-boot.actuator.v1+json || application/json]}" onto public java.lang.Object org.springframework.boot.actuate.endpoint.mvc.EndpointMvcAdapter.invoke()
2018-05-11 16:55:43,435 [INFO] [main] o.s.boot.actuate.endpoint.mvc.EndpointHandlerMapping [AbstractHandlerMethodMapping.java : 543] Mapped "{[/refresh || /refresh.json],methods=[POST]}" onto public java.lang.Object org.springframework.cloud.endpoint.GenericPostableMvcEndpoint.invoke()
2018-05-11 16:55:43,436 [INFO] [main] org.springframework.security.web.DefaultSecurityFilterChain [DefaultSecurityFilterChain.java : 43] Creating filter chain: org.springframework.boot.actuate.autoconfigure.ManagementWebSecurityAutoConfiguration$LazyEndpointPathRequestMatcher@1c61eda5, [org.springframework.security.web.context.request.async.WebAsyncManagerIntegrationFilter@1859ffda, org.springframework.security.web.context.SecurityContextPersistenceFilter@4d7a64ca, org.springframework.security.web.header.HeaderWriterFilter@5eb5da12, org.springframework.web.filter.CorsFilter@59838256, org.springframework.security.web.authentication.logout.LogoutFilter@4b862408, org.springframework.security.web.authentication.www.BasicAuthenticationFilter@58a84a12, org.springframework.security.web.savedrequest.RequestCacheAwareFilter@6418e39e, org.springframework.security.web.servletapi.SecurityContextHolderAwareRequestFilter@83bb0f, org.springframework.security.web.authentication.AnonymousAuthenticationFilter@131a7516, org.springframework.security.web.session.SessionManagementFilter@8a6631b, org.springframework.security.web.access.ExceptionTranslationFilter@67770b37, org.springframework.security.web.access.intercept.FilterSecurityInterceptor@627ff1b8]
2018-05-11 16:55:43,439 [INFO] [main] org.springframework.security.web.DefaultSecurityFilterChain [DefaultSecurityFilterChain.java : 43] Creating filter chain: OrRequestMatcher [requestMatchers=[Ant [pattern='/**']]], [org.springframework.security.web.context.request.async.WebAsyncManagerIntegrationFilter@5f0a2638, org.springframework.security.web.context.SecurityContextPersistenceFilter@4bc6da03, org.springframework.security.web.header.HeaderWriterFilter@523a7801, org.springframework.security.web.authentication.logout.LogoutFilter@411cd156, org.springframework.security.web.authentication.www.BasicAuthenticationFilter@3c770db4, org.springframework.security.web.savedrequest.RequestCacheAwareFilter@4f59a516, org.springframework.security.web.servletapi.SecurityContextHolderAwareRequestFilter@4e22368c, org.springframework.security.web.authentication.AnonymousAuthenticationFilter@5382184b, org.springframework.security.web.session.SessionManagementFilter@718fd7c1, org.springframework.security.web.access.ExceptionTranslationFilter@1f736d00, org.springframework.security.web.access.intercept.FilterSecurityInterceptor@4262fdeb]
2018-05-11 16:55:43,723 [INFO] [main] org.springframework.ui.freemarker.SpringTemplateLoader [SpringTemplateLoader.java : 61] SpringTemplateLoader for FreeMarker: using resource loader [org.springframework.boot.context.embedded.AnnotationConfigEmbeddedWebApplicationContext@4b3a45f1: startup date [Fri May 11 16:55:35 CST 2018]; parent: org.springframework.context.annotation.AnnotationConfigApplicationContext@2abf4075] and template loader path [classpath:/templates/]
2018-05-11 16:55:43,726 [INFO] [main] o.s.web.servlet.view.freemarker.FreeMarkerConfigurer [FreeMarkerConfigurer.java : 127] ClassTemplateLoader for Spring macros added to FreeMarker configuration
2018-05-11 16:55:43,905 [INFO] [main] org.springframework.cloud.netflix.eureka.InstanceInfoFactory [InstanceInfoFactory.java : 71] Setting initial instance status as: STARTING
2018-05-11 16:55:43,950 [INFO] [main] com.netflix.discovery.DiscoveryClient [DiscoveryClient.java : 347] Initializing Eureka in region us-east-1
2018-05-11 16:55:43,951 [INFO] [main] com.netflix.discovery.DiscoveryClient [DiscoveryClient.java : 350] Client configured to neither register nor query for data.
2018-05-11 16:55:43,962 [INFO] [main] com.netflix.discovery.DiscoveryClient [DiscoveryClient.java : 363] Discovery Client initialized at timestamp 1526028943961 with initial instances count: 0
2018-05-11 16:55:44,028 [INFO] [main] com.netflix.eureka.DefaultEurekaServerContext [DefaultEurekaServerContext.java : 63] Initializing ...
2018-05-11 16:55:44,031 [WARN] [main] com.netflix.eureka.cluster.PeerEurekaNodes [PeerEurekaNodes.java : 156] The replica size seems to be empty. Check the route 53 DNS Registry
2018-05-11 16:55:44,126 [INFO] [main] com.netflix.eureka.registry.AbstractInstanceRegistry [AbstractInstanceRegistry.java : 152] Finished initializing remote region registries. All known remote regions: []
2018-05-11 16:55:44,126 [INFO] [main] com.netflix.eureka.DefaultEurekaServerContext [DefaultEurekaServerContext.java : 66] Initialized
2018-05-11 16:55:44,149 [WARN] [main] o.s.c.s.e.s.EurekaServerStarterDeprecationWarningAutoConfiguration [EurekaServerStarterDeprecationWarningAutoConfiguration.java : 19] spring-cloud-starter-eureka-server is deprecated as of Spring Cloud Netflix 1.4.0, please migrate to spring-cloud-starter-netflix-eureka-server
2018-05-11 16:55:44,220 [INFO] [main] o.s.jmx.export.annotation.AnnotationMBeanExporter [MBeanExporter.java : 431] Registering beans for JMX exposure on startup
2018-05-11 16:55:44,233 [INFO] [main] o.s.jmx.export.annotation.AnnotationMBeanExporter [MBeanExporter.java : 916] Bean with name 'environmentManager' has been autodetected for JMX exposure
2018-05-11 16:55:44,238 [INFO] [main] o.s.jmx.export.annotation.AnnotationMBeanExporter [MBeanExporter.java : 916] Bean with name 'configurationPropertiesRebinder' has been autodetected for JMX exposure
2018-05-11 16:55:44,242 [INFO] [main] o.s.jmx.export.annotation.AnnotationMBeanExporter [MBeanExporter.java : 916] Bean with name 'refreshEndpoint' has been autodetected for JMX exposure
2018-05-11 16:55:44,243 [INFO] [main] o.s.jmx.export.annotation.AnnotationMBeanExporter [MBeanExporter.java : 916] Bean with name 'serviceRegistryEndpoint' has been autodetected for JMX exposure
2018-05-11 16:55:44,247 [INFO] [main] o.s.jmx.export.annotation.AnnotationMBeanExporter [MBeanExporter.java : 916] Bean with name 'refreshScope' has been autodetected for JMX exposure
2018-05-11 16:55:44,252 [INFO] [main] o.s.jmx.export.annotation.AnnotationMBeanExporter [MBeanExporter.java : 678] Located managed bean 'environmentManager': registering with JMX server as MBean [org.springframework.cloud.context.environment:name=environmentManager,type=EnvironmentManager]
2018-05-11 16:55:44,296 [INFO] [main] o.s.jmx.export.annotation.AnnotationMBeanExporter [MBeanExporter.java : 678] Located managed bean 'serviceRegistryEndpoint': registering with JMX server as MBean [org.springframework.cloud.client.serviceregistry.endpoint:name=serviceRegistryEndpoint,type=ServiceRegistryEndpoint]
2018-05-11 16:55:44,303 [INFO] [main] o.s.jmx.export.annotation.AnnotationMBeanExporter [MBeanExporter.java : 678] Located managed bean 'refreshScope': registering with JMX server as MBean [org.springframework.cloud.context.scope.refresh:name=refreshScope,type=RefreshScope]
2018-05-11 16:55:44,322 [INFO] [main] o.s.jmx.export.annotation.AnnotationMBeanExporter [MBeanExporter.java : 678] Located managed bean 'configurationPropertiesRebinder': registering with JMX server as MBean [org.springframework.cloud.context.properties:name=configurationPropertiesRebinder,context=4b3a45f1,type=ConfigurationPropertiesRebinder]
2018-05-11 16:55:44,351 [INFO] [main] o.s.jmx.export.annotation.AnnotationMBeanExporter [MBeanExporter.java : 678] Located managed bean 'refreshEndpoint': registering with JMX server as MBean [org.springframework.cloud.endpoint:name=refreshEndpoint,type=RefreshEndpoint]
2018-05-11 16:55:44,597 [INFO] [main] o.springframework.context.support.DefaultLifecycleProcessor [DefaultLifecycleProcessor.java : 343] Starting beans in phase 0
2018-05-11 16:55:44,597 [INFO] [main] o.s.c.netflix.eureka.serviceregistry.EurekaServiceRegistry [EurekaServiceRegistry.java : 40] Registering application shopping-eureka with eureka with status UP
2018-05-11 16:55:44,702 [INFO] [Thread-11] o.s.cloud.netflix.eureka.server.EurekaServerBootstrap [EurekaServerBootstrap.java : 109] Setting the eureka configuration..
2018-05-11 16:55:44,702 [INFO] [Thread-11] o.s.cloud.netflix.eureka.server.EurekaServerBootstrap [EurekaServerBootstrap.java : 114] Eureka data center value eureka.datacenter is not set, defaulting to default
2018-05-11 16:55:44,703 [INFO] [Thread-11] o.s.cloud.netflix.eureka.server.EurekaServerBootstrap [EurekaServerBootstrap.java : 128] Eureka environment value eureka.environment is not set, defaulting to test
2018-05-11 16:55:44,717 [INFO] [Thread-11] o.s.cloud.netflix.eureka.server.EurekaServerBootstrap [EurekaServerBootstrap.java : 184] isAws returned false
2018-05-11 16:55:44,718 [INFO] [Thread-11] o.s.cloud.netflix.eureka.server.EurekaServerBootstrap [EurekaServerBootstrap.java : 152] Initialized server context
2018-05-11 16:55:44,718 [INFO] [Thread-11] com.netflix.eureka.registry.PeerAwareInstanceRegistryImpl [PeerAwareInstanceRegistryImpl.java : 242] Got 1 instances from neighboring DS node
2018-05-11 16:55:44,718 [INFO] [Thread-11] com.netflix.eureka.registry.PeerAwareInstanceRegistryImpl [PeerAwareInstanceRegistryImpl.java : 243] Renew threshold is: 1
2018-05-11 16:55:44,718 [INFO] [Thread-11] com.netflix.eureka.registry.PeerAwareInstanceRegistryImpl [PeerAwareInstanceRegistryImpl.java : 254] Changing status to UP
2018-05-11 16:55:44,734 [INFO] [Thread-11] o.s.c.n.eureka.server.EurekaServerInitializerConfiguration [EurekaServerInitializerConfiguration.java : 72] Started Eureka Server
2018-05-11 16:55:44,783 [INFO] [main] o.s.b.context.embedded.tomcat.TomcatEmbeddedServletContainer [TomcatEmbeddedServletContainer.java : 201] Tomcat started on port(s): 8761 (http)
2018-05-11 16:55:44,784 [INFO] [main] o.s.c.n.eureka.serviceregistry.EurekaAutoServiceRegistration [EurekaAutoServiceRegistration.java : 124] Updating port to 8761
2018-05-11 16:55:44,790 [INFO] [main] com.cloud.shopping.eureka.ShoppingEurekaApplication [StartupInfoLogger.java : 57] Started ShoppingEurekaApplication in 12.532 seconds (JVM running for 13.176)
2018-05-11 16:56:04,839 [INFO] [http-nio-8761-exec-10] o.a.catalina.core.ContainerBase.[Tomcat].[localhost].[/] [DirectJDKLog.java : 179] Initializing Spring FrameworkServlet 'dispatcherServlet'
2018-05-11 16:56:04,840 [INFO] [http-nio-8761-exec-10] org.springframework.web.servlet.DispatcherServlet [FrameworkServlet.java : 489] FrameworkServlet 'dispatcherServlet': initialization started
2018-05-11 16:56:04,870 [INFO] [http-nio-8761-exec-10] org.springframework.web.servlet.DispatcherServlet [FrameworkServlet.java : 508] FrameworkServlet 'dispatcherServlet': initialization completed in 29 ms
2018-05-11 17:28:31,575 [INFO] [main] com.cloud.shopping.eureka.ShoppingEurekaApplication [SpringApplication.java : 597] The following profiles are active: dev
2018-05-11 17:28:31,602 [INFO] [main] o.s.b.c.e.AnnotationConfigEmbeddedWebApplicationContext [AbstractApplicationContext.java : 582] Refreshing org.springframework.boot.context.embedded.AnnotationConfigEmbeddedWebApplicationContext@6da00fb9: startup date [Fri May 11 17:28:31 CST 2018]; parent: org.springframework.context.annotation.AnnotationConfigApplicationContext@2abf4075
2018-05-11 17:28:33,449 [INFO] [main] org.springframework.cloud.context.scope.GenericScope [GenericScope.java : 287] BeanFactory id=fdbc6cbc-aac4-3c4f-985a-4c4285adcf3b
2018-05-11 17:28:33,477 [INFO] [main] o.s.b.f.annotation.AutowiredAnnotationBeanPostProcessor [AutowiredAnnotationBeanPostProcessor.java : 155] JSR-330 'javax.inject.Inject' annotation found and supported for autowiring
2018-05-11 17:28:33,561 [INFO] [main] o.s.c.s.PostProcessorRegistrationDelegate$BeanPostProcessorChecker [PostProcessorRegistrationDelegate.java : 325] Bean 'org.springframework.cloud.netflix.metrics.MetricsInterceptorConfiguration$MetricsRestTemplateConfiguration' of type [org.springframework.cloud.netflix.metrics.MetricsInterceptorConfiguration$MetricsRestTemplateConfiguration$$EnhancerBySpringCGLIB$$dcb90aab] is not eligible for getting processed by all BeanPostProcessors (for example: not eligible for auto-proxying)
2018-05-11 17:28:33,579 [INFO] [main] o.s.c.s.PostProcessorRegistrationDelegate$BeanPostProcessorChecker [PostProcessorRegistrationDelegate.java : 325] Bean 'org.springframework.cloud.autoconfigure.ConfigurationPropertiesRebinderAutoConfiguration' of type [org.springframework.cloud.autoconfigure.ConfigurationPropertiesRebinderAutoConfiguration$$EnhancerBySpringCGLIB$$c6a66767] is not eligible for getting processed by all BeanPostProcessors (for example: not eligible for auto-proxying)
2018-05-11 17:28:34,234 [INFO] [main] o.s.b.context.embedded.tomcat.TomcatEmbeddedServletContainer [TomcatEmbeddedServletContainer.java : 89] Tomcat initialized with port(s): 8761 (http)
2018-05-11 17:28:34,253 [INFO] [main] org.apache.catalina.core.StandardService [DirectJDKLog.java : 179] Starting service [Tomcat]
2018-05-11 17:28:34,255 [INFO] [main] org.apache.catalina.core.StandardEngine [DirectJDKLog.java : 179] Starting Servlet Engine: Apache Tomcat/8.5.16
2018-05-11 17:28:34,512 [INFO] [localhost-startStop-1] o.a.catalina.core.ContainerBase.[Tomcat].[localhost].[/] [DirectJDKLog.java : 179] Initializing Spring embedded WebApplicationContext
2018-05-11 17:28:34,513 [INFO] [localhost-startStop-1] org.springframework.web.context.ContextLoader [EmbeddedWebApplicationContext.java : 276] Root WebApplicationContext: initialization completed in 2912 ms
2018-05-11 17:28:35,298 [INFO] [localhost-startStop-1] org.springframework.boot.web.servlet.FilterRegistrationBean [AbstractFilterRegistrationBean.java : 258] Mapping filter: 'metricsFilter' to: [/*]
2018-05-11 17:28:35,299 [INFO] [localhost-startStop-1] org.springframework.boot.web.servlet.FilterRegistrationBean [AbstractFilterRegistrationBean.java : 258] Mapping filter: 'characterEncodingFilter' to: [/*]
2018-05-11 17:28:35,299 [INFO] [localhost-startStop-1] org.springframework.boot.web.servlet.FilterRegistrationBean [AbstractFilterRegistrationBean.java : 258] Mapping filter: 'hiddenHttpMethodFilter' to: [/*]
2018-05-11 17:28:35,299 [INFO] [localhost-startStop-1] org.springframework.boot.web.servlet.FilterRegistrationBean [AbstractFilterRegistrationBean.java : 258] Mapping filter: 'httpPutFormContentFilter' to: [/*]
2018-05-11 17:28:35,299 [INFO] [localhost-startStop-1] org.springframework.boot.web.servlet.FilterRegistrationBean [AbstractFilterRegistrationBean.java : 258] Mapping filter: 'requestContextFilter' to: [/*]
2018-05-11 17:28:35,301 [INFO] [localhost-startStop-1] o.s.boot.web.servlet.DelegatingFilterProxyRegistrationBean [AbstractFilterRegistrationBean.java : 258] Mapping filter: 'springSecurityFilterChain' to: [/*]
2018-05-11 17:28:35,301 [INFO] [localhost-startStop-1] org.springframework.boot.web.servlet.FilterRegistrationBean [AbstractFilterRegistrationBean.java : 258] Mapping filter: 'webRequestTraceFilter' to: [/*]
2018-05-11 17:28:35,302 [INFO] [localhost-startStop-1] org.springframework.boot.web.servlet.FilterRegistrationBean [AbstractFilterRegistrationBean.java : 271] Mapping filter: 'servletContainer' to urls: [/eureka/*]
2018-05-11 17:28:35,302 [INFO] [localhost-startStop-1] org.springframework.boot.web.servlet.FilterRegistrationBean [AbstractFilterRegistrationBean.java : 258] Mapping filter: 'applicationContextIdFilter' to: [/*]
2018-05-11 17:28:35,302 [INFO] [localhost-startStop-1] org.springframework.boot.web.servlet.ServletRegistrationBean [ServletRegistrationBean.java : 190] Mapping servlet: 'dispatcherServlet' to [/]
2018-05-11 17:28:35,395 [INFO] [localhost-startStop-1] com.sun.jersey.server.impl.application.WebApplicationImpl [WebApplicationImpl.java : 815] Initiating Jersey application, version 'Jersey: 1.19.1 03/11/2016 02:08 PM'
2018-05-11 17:28:35,474 [INFO] [localhost-startStop-1] com.netflix.discovery.provider.DiscoveryJerseyProvider [DiscoveryJerseyProvider.java : 70] Using JSON encoding codec LegacyJacksonJson
2018-05-11 17:28:35,476 [INFO] [localhost-startStop-1] com.netflix.discovery.provider.DiscoveryJerseyProvider [DiscoveryJerseyProvider.java : 71] Using JSON decoding codec LegacyJacksonJson
2018-05-11 17:28:35,963 [INFO] [localhost-startStop-1] com.netflix.discovery.provider.DiscoveryJerseyProvider [DiscoveryJerseyProvider.java : 80] Using XML encoding codec XStreamXml
2018-05-11 17:28:35,963 [INFO] [localhost-startStop-1] com.netflix.discovery.provider.DiscoveryJerseyProvider [DiscoveryJerseyProvider.java : 81] Using XML decoding codec XStreamXml
2018-05-11 17:28:36,451 [WARN] [main] com.netflix.config.sources.URLConfigurationSource [URLConfigurationSource.java : 121] No URLs will be polled as dynamic configuration sources.
2018-05-11 17:28:36,451 [INFO] [main] com.netflix.config.sources.URLConfigurationSource [URLConfigurationSource.java : 122] To enable URLs as dynamic configuration sources, define System property archaius.configurationSource.additionalUrls or make config.properties available on classpath.
2018-05-11 17:28:36,459 [WARN] [main] com.netflix.config.sources.URLConfigurationSource [URLConfigurationSource.java : 121] No URLs will be polled as dynamic configuration sources.
2018-05-11 17:28:36,459 [INFO] [main] com.netflix.config.sources.URLConfigurationSource [URLConfigurationSource.java : 122] To enable URLs as dynamic configuration sources, define System property archaius.configurationSource.additionalUrls or make config.properties available on classpath.
2018-05-11 17:28:36,802 [INFO] [main] o.s.w.s.mvc.method.annotation.RequestMappingHandlerAdapter [RequestMappingHandlerAdapter.java : 534] Looking for @ControllerAdvice: org.springframework.boot.context.embedded.AnnotationConfigEmbeddedWebApplicationContext@6da00fb9: startup date [Fri May 11 17:28:31 CST 2018]; parent: org.springframework.context.annotation.AnnotationConfigApplicationContext@2abf4075
2018-05-11 17:28:36,949 [INFO] [main] o.s.w.s.mvc.method.annotation.RequestMappingHandlerMapping [AbstractHandlerMethodMapping.java : 543] Mapped "{[/error]}" onto public org.springframework.http.ResponseEntity<java.util.Map<java.lang.String, java.lang.Object>> org.springframework.boot.autoconfigure.web.BasicErrorController.error(javax.servlet.http.HttpServletRequest)
2018-05-11 17:28:36,950 [INFO] [main] o.s.w.s.mvc.method.annotation.RequestMappingHandlerMapping [AbstractHandlerMethodMapping.java : 543] Mapped "{[/error],produces=[text/html]}" onto public org.springframework.web.servlet.ModelAndView org.springframework.boot.autoconfigure.web.BasicErrorController.errorHtml(javax.servlet.http.HttpServletRequest,javax.servlet.http.HttpServletResponse)
2018-05-11 17:28:36,956 [INFO] [main] o.s.w.s.mvc.method.annotation.RequestMappingHandlerMapping [AbstractHandlerMethodMapping.java : 543] Mapped "{[/],methods=[GET]}" onto public java.lang.String org.springframework.cloud.netflix.eureka.server.EurekaController.status(javax.servlet.http.HttpServletRequest,java.util.Map<java.lang.String, java.lang.Object>)
2018-05-11 17:28:36,958 [INFO] [main] o.s.w.s.mvc.method.annotation.RequestMappingHandlerMapping [AbstractHandlerMethodMapping.java : 543] Mapped "{[/lastn],methods=[GET]}" onto public java.lang.String org.springframework.cloud.netflix.eureka.server.EurekaController.lastn(javax.servlet.http.HttpServletRequest,java.util.Map<java.lang.String, java.lang.Object>)
2018-05-11 17:28:36,992 [INFO] [main] o.s.web.servlet.handler.SimpleUrlHandlerMapping [AbstractUrlHandlerMapping.java : 362] Mapped URL path [/webjars/**] onto handler of type [class org.springframework.web.servlet.resource.ResourceHttpRequestHandler]
2018-05-11 17:28:36,993 [INFO] [main] o.s.web.servlet.handler.SimpleUrlHandlerMapping [AbstractUrlHandlerMapping.java : 362] Mapped URL path [/**] onto handler of type [class org.springframework.web.servlet.resource.ResourceHttpRequestHandler]
2018-05-11 17:28:37,042 [INFO] [main] o.s.web.servlet.handler.SimpleUrlHandlerMapping [AbstractUrlHandlerMapping.java : 362] Mapped URL path [/**/favicon.ico] onto handler of type [class org.springframework.web.servlet.resource.ResourceHttpRequestHandler]
2018-05-11 17:28:38,494 [INFO] [main] org.springframework.security.web.DefaultSecurityFilterChain [DefaultSecurityFilterChain.java : 43] Creating filter chain: OrRequestMatcher [requestMatchers=[Ant [pattern='/css/**'], Ant [pattern='/js/**'], Ant [pattern='/images/**'], Ant [pattern='/webjars/**'], Ant [pattern='/**/favicon.ico'], Ant [pattern='/error']]], []
2018-05-11 17:28:38,801 [INFO] [main] o.s.boot.actuate.endpoint.mvc.EndpointHandlerMapping [AbstractHandlerMethodMapping.java : 543] Mapped "{[/dump || /dump.json],methods=[GET],produces=[application/vnd.spring-boot.actuator.v1+json || application/json]}" onto public java.lang.Object org.springframework.boot.actuate.endpoint.mvc.EndpointMvcAdapter.invoke()
2018-05-11 17:28:38,803 [INFO] [main] o.s.boot.actuate.endpoint.mvc.EndpointHandlerMapping [AbstractHandlerMethodMapping.java : 543] Mapped "{[/loggers/{name:.*}],methods=[GET],produces=[application/vnd.spring-boot.actuator.v1+json || application/json]}" onto public java.lang.Object org.springframework.boot.actuate.endpoint.mvc.LoggersMvcEndpoint.get(java.lang.String)
2018-05-11 17:28:38,806 [INFO] [main] o.s.boot.actuate.endpoint.mvc.EndpointHandlerMapping [AbstractHandlerMethodMapping.java : 543] Mapped "{[/loggers/{name:.*}],methods=[POST],consumes=[application/vnd.spring-boot.actuator.v1+json || application/json],produces=[application/vnd.spring-boot.actuator.v1+json || application/json]}" onto public java.lang.Object org.springframework.boot.actuate.endpoint.mvc.LoggersMvcEndpoint.set(java.lang.String,java.util.Map<java.lang.String, java.lang.String>)
2018-05-11 17:28:38,807 [INFO] [main] o.s.boot.actuate.endpoint.mvc.EndpointHandlerMapping [AbstractHandlerMethodMapping.java : 543] Mapped "{[/loggers || /loggers.json],methods=[GET],produces=[application/vnd.spring-boot.actuator.v1+json || application/json]}" onto public java.lang.Object org.springframework.boot.actuate.endpoint.mvc.EndpointMvcAdapter.invoke()
2018-05-11 17:28:38,809 [INFO] [main] o.s.boot.actuate.endpoint.mvc.EndpointHandlerMapping [AbstractHandlerMethodMapping.java : 543] Mapped "{[/env/{name:.*}],methods=[GET],produces=[application/vnd.spring-boot.actuator.v1+json || application/json]}" onto public java.lang.Object org.springframework.boot.actuate.endpoint.mvc.EnvironmentMvcEndpoint.value(java.lang.String)
2018-05-11 17:28:38,809 [INFO] [main] o.s.boot.actuate.endpoint.mvc.EndpointHandlerMapping [AbstractHandlerMethodMapping.java : 543] Mapped "{[/env || /env.json],methods=[GET],produces=[application/vnd.spring-boot.actuator.v1+json || application/json]}" onto public java.lang.Object org.springframework.boot.actuate.endpoint.mvc.EndpointMvcAdapter.invoke()
2018-05-11 17:28:38,810 [INFO] [main] o.s.boot.actuate.endpoint.mvc.EndpointHandlerMapping [AbstractHandlerMethodMapping.java : 543] Mapped "{[/refresh || /refresh.json],methods=[POST]}" onto public java.lang.Object org.springframework.cloud.endpoint.GenericPostableMvcEndpoint.invoke()
2018-05-11 17:28:38,811 [INFO] [main] o.s.boot.actuate.endpoint.mvc.EndpointHandlerMapping [AbstractHandlerMethodMapping.java : 543] Mapped "{[/beans || /beans.json],methods=[GET],produces=[application/vnd.spring-boot.actuator.v1+json || application/json]}" onto public java.lang.Object org.springframework.boot.actuate.endpoint.mvc.EndpointMvcAdapter.invoke()
2018-05-11 17:28:38,859 [INFO] [main] o.s.boot.actuate.endpoint.mvc.EndpointHandlerMapping [AbstractHandlerMethodMapping.java : 543] Mapped "{[/configprops || /configprops.json],methods=[GET],produces=[application/vnd.spring-boot.actuator.v1+json || application/json]}" onto public java.lang.Object org.springframework.boot.actuate.endpoint.mvc.EndpointMvcAdapter.invoke()
2018-05-11 17:28:38,860 [INFO] [main] o.s.boot.actuate.endpoint.mvc.EndpointHandlerMapping [AbstractHandlerMethodMapping.java : 543] Mapped "{[/service-registry/instance-status],methods=[GET]}" onto public org.springframework.http.ResponseEntity org.springframework.cloud.client.serviceregistry.endpoint.ServiceRegistryEndpoint.getStatus()
2018-05-11 17:28:38,861 [INFO] [main] o.s.boot.actuate.endpoint.mvc.EndpointHandlerMapping [AbstractHandlerMethodMapping.java : 543] Mapped "{[/service-registry/instance-status],methods=[POST]}" onto public org.springframework.http.ResponseEntity<?> org.springframework.cloud.client.serviceregistry.endpoint.ServiceRegistryEndpoint.setStatus(java.lang.String)
2018-05-11 17:28:38,861 [INFO] [main] o.s.boot.actuate.endpoint.mvc.EndpointHandlerMapping [AbstractHandlerMethodMapping.java : 543] Mapped "{[/trace || /trace.json],methods=[GET],produces=[application/vnd.spring-boot.actuator.v1+json || application/json]}" onto public java.lang.Object org.springframework.boot.actuate.endpoint.mvc.EndpointMvcAdapter.invoke()
2018-05-11 17:28:38,863 [INFO] [main] o.s.boot.actuate.endpoint.mvc.EndpointHandlerMapping [AbstractHandlerMethodMapping.java : 543] Mapped "{[/auditevents || /auditevents.json],methods=[GET],produces=[application/vnd.spring-boot.actuator.v1+json || application/json]}" onto public org.springframework.http.ResponseEntity<?> org.springframework.boot.actuate.endpoint.mvc.AuditEventsMvcEndpoint.findByPrincipalAndAfterAndType(java.lang.String,java.util.Date,java.lang.String)
2018-05-11 17:28:38,866 [INFO] [main] o.s.boot.actuate.endpoint.mvc.EndpointHandlerMapping [AbstractHandlerMethodMapping.java : 543] Mapped "{[/metrics/{name:.*}],methods=[GET],produces=[application/vnd.spring-boot.actuator.v1+json || application/json]}" onto public java.lang.Object org.springframework.boot.actuate.endpoint.mvc.MetricsMvcEndpoint.value(java.lang.String)
2018-05-11 17:28:38,867 [INFO] [main] o.s.boot.actuate.endpoint.mvc.EndpointHandlerMapping [AbstractHandlerMethodMapping.java : 543] Mapped "{[/metrics || /metrics.json],methods=[GET],produces=[application/vnd.spring-boot.actuator.v1+json || application/json]}" onto public java.lang.Object org.springframework.boot.actuate.endpoint.mvc.EndpointMvcAdapter.invoke()
2018-05-11 17:28:38,868 [INFO] [main] o.s.boot.actuate.endpoint.mvc.EndpointHandlerMapping [AbstractHandlerMethodMapping.java : 543] Mapped "{[/logfile || /logfile.json],methods=[GET || HEAD]}" onto public void org.springframework.boot.actuate.endpoint.mvc.LogFileMvcEndpoint.invoke(javax.servlet.http.HttpServletRequest,javax.servlet.http.HttpServletResponse) throws javax.servlet.ServletException,java.io.IOException
2018-05-11 17:28:38,869 [INFO] [main] o.s.boot.actuate.endpoint.mvc.EndpointHandlerMapping [AbstractHandlerMethodMapping.java : 543] Mapped "{[/features || /features.json],methods=[GET],produces=[application/vnd.spring-boot.actuator.v1+json || application/json]}" onto public java.lang.Object org.springframework.boot.actuate.endpoint.mvc.EndpointMvcAdapter.invoke()
2018-05-11 17:28:38,870 [INFO] [main] o.s.boot.actuate.endpoint.mvc.EndpointHandlerMapping [AbstractHandlerMethodMapping.java : 543] Mapped "{[/heapdump || /heapdump.json],methods=[GET],produces=[application/octet-stream]}" onto public void org.springframework.boot.actuate.endpoint.mvc.HeapdumpMvcEndpoint.invoke(boolean,javax.servlet.http.HttpServletRequest,javax.servlet.http.HttpServletResponse) throws java.io.IOException,javax.servlet.ServletException
2018-05-11 17:28:38,873 [INFO] [main] o.s.boot.actuate.endpoint.mvc.EndpointHandlerMapping [AbstractHandlerMethodMapping.java : 543] Mapped "{[/info || /info.json],methods=[GET],produces=[application/vnd.spring-boot.actuator.v1+json || application/json]}" onto public java.lang.Object org.springframework.boot.actuate.endpoint.mvc.EndpointMvcAdapter.invoke()
2018-05-11 17:28:38,874 [INFO] [main] o.s.boot.actuate.endpoint.mvc.EndpointHandlerMapping [AbstractHandlerMethodMapping.java : 543] Mapped "{[/health || /health.json],methods=[GET],produces=[application/vnd.spring-boot.actuator.v1+json || application/json]}" onto public java.lang.Object org.springframework.boot.actuate.endpoint.mvc.HealthMvcEndpoint.invoke(javax.servlet.http.HttpServletRequest,java.security.Principal)
2018-05-11 17:28:38,875 [INFO] [main] o.s.boot.actuate.endpoint.mvc.EndpointHandlerMapping [AbstractHandlerMethodMapping.java : 543] Mapped "{[/env],methods=[POST]}" onto public java.lang.Object org.springframework.cloud.context.environment.EnvironmentManagerMvcEndpoint.value(java.util.Map<java.lang.String, java.lang.String>)
2018-05-11 17:28:38,878 [INFO] [main] o.s.boot.actuate.endpoint.mvc.EndpointHandlerMapping [AbstractHandlerMethodMapping.java : 543] Mapped "{[/env/reset],methods=[POST]}" onto public java.util.Map<java.lang.String, java.lang.Object> org.springframework.cloud.context.environment.EnvironmentManagerMvcEndpoint.reset()
2018-05-11 17:28:38,881 [INFO] [main] o.s.boot.actuate.endpoint.mvc.EndpointHandlerMapping [AbstractHandlerMethodMapping.java : 543] Mapped "{[/mappings || /mappings.json],methods=[GET],produces=[application/vnd.spring-boot.actuator.v1+json || application/json]}" onto public java.lang.Object org.springframework.boot.actuate.endpoint.mvc.EndpointMvcAdapter.invoke()
2018-05-11 17:28:38,883 [INFO] [main] o.s.boot.actuate.endpoint.mvc.EndpointHandlerMapping [AbstractHandlerMethodMapping.java : 543] Mapped "{[/autoconfig || /autoconfig.json],methods=[GET],produces=[application/vnd.spring-boot.actuator.v1+json || application/json]}" onto public java.lang.Object org.springframework.boot.actuate.endpoint.mvc.EndpointMvcAdapter.invoke()
2018-05-11 17:28:38,884 [INFO] [main] o.s.boot.actuate.endpoint.mvc.EndpointHandlerMapping [AbstractHandlerMethodMapping.java : 543] Mapped "{[/archaius || /archaius.json],methods=[GET],produces=[application/vnd.spring-boot.actuator.v1+json || application/json]}" onto public java.lang.Object org.springframework.boot.actuate.endpoint.mvc.EndpointMvcAdapter.invoke()
2018-05-11 17:28:38,886 [INFO] [main] org.springframework.security.web.DefaultSecurityFilterChain [DefaultSecurityFilterChain.java : 43] Creating filter chain: org.springframework.boot.actuate.autoconfigure.ManagementWebSecurityAutoConfiguration$LazyEndpointPathRequestMatcher@3c770db4, [org.springframework.security.web.context.request.async.WebAsyncManagerIntegrationFilter@3e046e39, org.springframework.security.web.context.SecurityContextPersistenceFilter@4aa31ffc, org.springframework.security.web.header.HeaderWriterFilter@3332c7a5, org.springframework.web.filter.CorsFilter@61cda923, org.springframework.security.web.authentication.logout.LogoutFilter@1946384, org.springframework.security.web.authentication.www.BasicAuthenticationFilter@706ceca6, org.springframework.security.web.savedrequest.RequestCacheAwareFilter@7d42542, org.springframework.security.web.servletapi.SecurityContextHolderAwareRequestFilter@307e4c44, org.springframework.security.web.authentication.AnonymousAuthenticationFilter@46fc522d, org.springframework.security.web.session.SessionManagementFilter@6b1b19cf, org.springframework.security.web.access.ExceptionTranslationFilter@6418e39e, org.springframework.security.web.access.intercept.FilterSecurityInterceptor@6436e181]
2018-05-11 17:28:38,888 [INFO] [main] org.springframework.security.web.DefaultSecurityFilterChain [DefaultSecurityFilterChain.java : 43] Creating filter chain: OrRequestMatcher [requestMatchers=[Ant [pattern='/**']]], [org.springframework.security.web.context.request.async.WebAsyncManagerIntegrationFilter@50b93353, org.springframework.security.web.context.SecurityContextPersistenceFilter@62b3a2f6, org.springframework.security.web.header.HeaderWriterFilter@42ea7565, org.springframework.security.web.authentication.logout.LogoutFilter@2c719bd4, org.springframework.security.web.authentication.www.BasicAuthenticationFilter@53aa38be, org.springframework.security.web.savedrequest.RequestCacheAwareFilter@202898d7, org.springframework.security.web.servletapi.SecurityContextHolderAwareRequestFilter@317890ea, org.springframework.security.web.authentication.AnonymousAuthenticationFilter@44286963, org.springframework.security.web.session.SessionManagementFilter@7b5cc918, org.springframework.security.web.access.ExceptionTranslationFilter@6f25bf88, org.springframework.security.web.access.intercept.FilterSecurityInterceptor@6048e26a]
2018-05-11 17:28:39,168 [INFO] [main] org.springframework.ui.freemarker.SpringTemplateLoader [SpringTemplateLoader.java : 61] SpringTemplateLoader for FreeMarker: using resource loader [org.springframework.boot.context.embedded.AnnotationConfigEmbeddedWebApplicationContext@6da00fb9: startup date [Fri May 11 17:28:31 CST 2018]; parent: org.springframework.context.annotation.AnnotationConfigApplicationContext@2abf4075] and template loader path [classpath:/templates/]
2018-05-11 17:28:39,169 [INFO] [main] o.s.web.servlet.view.freemarker.FreeMarkerConfigurer [FreeMarkerConfigurer.java : 127] ClassTemplateLoader for Spring macros added to FreeMarker configuration
2018-05-11 17:28:39,333 [INFO] [main] org.springframework.cloud.netflix.eureka.InstanceInfoFactory [InstanceInfoFactory.java : 71] Setting initial instance status as: STARTING
2018-05-11 17:28:39,371 [INFO] [main] com.netflix.discovery.DiscoveryClient [DiscoveryClient.java : 347] Initializing Eureka in region us-east-1
2018-05-11 17:28:39,371 [INFO] [main] com.netflix.discovery.DiscoveryClient [DiscoveryClient.java : 350] Client configured to neither register nor query for data.
2018-05-11 17:28:39,385 [INFO] [main] com.netflix.discovery.DiscoveryClient [DiscoveryClient.java : 363] Discovery Client initialized at timestamp 1526030919385 with initial instances count: 0
2018-05-11 17:28:39,458 [INFO] [main] com.netflix.eureka.DefaultEurekaServerContext [DefaultEurekaServerContext.java : 63] Initializing ...
2018-05-11 17:28:39,463 [WARN] [main] com.netflix.eureka.cluster.PeerEurekaNodes [PeerEurekaNodes.java : 156] The replica size seems to be empty. Check the route 53 DNS Registry
2018-05-11 17:28:39,483 [INFO] [main] com.netflix.eureka.registry.AbstractInstanceRegistry [AbstractInstanceRegistry.java : 152] Finished initializing remote region registries. All known remote regions: []
2018-05-11 17:28:39,485 [INFO] [main] com.netflix.eureka.DefaultEurekaServerContext [DefaultEurekaServerContext.java : 66] Initialized
2018-05-11 17:28:39,512 [WARN] [main] o.s.c.s.e.s.EurekaServerStarterDeprecationWarningAutoConfiguration [EurekaServerStarterDeprecationWarningAutoConfiguration.java : 19] spring-cloud-starter-eureka-server is deprecated as of Spring Cloud Netflix 1.4.0, please migrate to spring-cloud-starter-netflix-eureka-server
2018-05-11 17:28:39,561 [INFO] [main] o.s.jmx.export.annotation.AnnotationMBeanExporter [MBeanExporter.java : 431] Registering beans for JMX exposure on startup
2018-05-11 17:28:39,570 [INFO] [main] o.s.jmx.export.annotation.AnnotationMBeanExporter [MBeanExporter.java : 916] Bean with name 'environmentManager' has been autodetected for JMX exposure
2018-05-11 17:28:39,572 [INFO] [main] o.s.jmx.export.annotation.AnnotationMBeanExporter [MBeanExporter.java : 916] Bean with name 'configurationPropertiesRebinder' has been autodetected for JMX exposure
2018-05-11 17:28:39,575 [INFO] [main] o.s.jmx.export.annotation.AnnotationMBeanExporter [MBeanExporter.java : 916] Bean with name 'refreshEndpoint' has been autodetected for JMX exposure
2018-05-11 17:28:39,576 [INFO] [main] o.s.jmx.export.annotation.AnnotationMBeanExporter [MBeanExporter.java : 916] Bean with name 'serviceRegistryEndpoint' has been autodetected for JMX exposure
2018-05-11 17:28:39,579 [INFO] [main] o.s.jmx.export.annotation.AnnotationMBeanExporter [MBeanExporter.java : 916] Bean with name 'refreshScope' has been autodetected for JMX exposure
2018-05-11 17:28:39,582 [INFO] [main] o.s.jmx.export.annotation.AnnotationMBeanExporter [MBeanExporter.java : 678] Located managed bean 'environmentManager': registering with JMX server as MBean [org.springframework.cloud.context.environment:name=environmentManager,type=EnvironmentManager]
2018-05-11 17:28:39,596 [INFO] [main] o.s.jmx.export.annotation.AnnotationMBeanExporter [MBeanExporter.java : 678] Located managed bean 'serviceRegistryEndpoint': registering with JMX server as MBean [org.springframework.cloud.client.serviceregistry.endpoint:name=serviceRegistryEndpoint,type=ServiceRegistryEndpoint]
2018-05-11 17:28:39,603 [INFO] [main] o.s.jmx.export.annotation.AnnotationMBeanExporter [MBeanExporter.java : 678] Located managed bean 'refreshScope': registering with JMX server as MBean [org.springframework.cloud.context.scope.refresh:name=refreshScope,type=RefreshScope]
2018-05-11 17:28:39,612 [INFO] [main] o.s.jmx.export.annotation.AnnotationMBeanExporter [MBeanExporter.java : 678] Located managed bean 'configurationPropertiesRebinder': registering with JMX server as MBean [org.springframework.cloud.context.properties:name=configurationPropertiesRebinder,context=6da00fb9,type=ConfigurationPropertiesRebinder]
2018-05-11 17:28:39,618 [INFO] [main] o.s.jmx.export.annotation.AnnotationMBeanExporter [MBeanExporter.java : 678] Located managed bean 'refreshEndpoint': registering with JMX server as MBean [org.springframework.cloud.endpoint:name=refreshEndpoint,type=RefreshEndpoint]
2018-05-11 17:28:39,769 [INFO] [main] o.springframework.context.support.DefaultLifecycleProcessor [DefaultLifecycleProcessor.java : 343] Starting beans in phase 0
2018-05-11 17:28:39,770 [INFO] [main] o.s.c.netflix.eureka.serviceregistry.EurekaServiceRegistry [EurekaServiceRegistry.java : 40] Registering application shopping-eureka with eureka with status UP
2018-05-11 17:28:39,877 [INFO] [Thread-11] o.s.cloud.netflix.eureka.server.EurekaServerBootstrap [EurekaServerBootstrap.java : 109] Setting the eureka configuration..
2018-05-11 17:28:39,877 [INFO] [Thread-11] o.s.cloud.netflix.eureka.server.EurekaServerBootstrap [EurekaServerBootstrap.java : 114] Eureka data center value eureka.datacenter is not set, defaulting to default
2018-05-11 17:28:39,878 [INFO] [Thread-11] o.s.cloud.netflix.eureka.server.EurekaServerBootstrap [EurekaServerBootstrap.java : 128] Eureka environment value eureka.environment is not set, defaulting to test
2018-05-11 17:28:39,967 [INFO] [main] o.s.b.context.embedded.tomcat.TomcatEmbeddedServletContainer [TomcatEmbeddedServletContainer.java : 201] Tomcat started on port(s): 8761 (http)
2018-05-11 17:28:39,968 [INFO] [main] o.s.c.n.eureka.serviceregistry.EurekaAutoServiceRegistration [EurekaAutoServiceRegistration.java : 124] Updating port to 8761
2018-05-11 17:28:39,973 [INFO] [main] com.cloud.shopping.eureka.ShoppingEurekaApplication [StartupInfoLogger.java : 57] Started ShoppingEurekaApplication in 11.329 seconds (JVM running for 11.916)
2018-05-11 17:28:39,978 [INFO] [Thread-11] o.s.cloud.netflix.eureka.server.EurekaServerBootstrap [EurekaServerBootstrap.java : 184] isAws returned false
2018-05-11 17:28:39,978 [INFO] [Thread-11] o.s.cloud.netflix.eureka.server.EurekaServerBootstrap [EurekaServerBootstrap.java : 152] Initialized server context
2018-05-11 17:28:39,978 [INFO] [Thread-11] com.netflix.eureka.registry.PeerAwareInstanceRegistryImpl [PeerAwareInstanceRegistryImpl.java : 242] Got 1 instances from neighboring DS node
2018-05-11 17:28:39,979 [INFO] [Thread-11] com.netflix.eureka.registry.PeerAwareInstanceRegistryImpl [PeerAwareInstanceRegistryImpl.java : 243] Renew threshold is: 1
2018-05-11 17:28:39,979 [INFO] [Thread-11] com.netflix.eureka.registry.PeerAwareInstanceRegistryImpl [PeerAwareInstanceRegistryImpl.java : 254] Changing status to UP
2018-05-11 17:28:39,994 [INFO] [Thread-11] o.s.c.n.eureka.server.EurekaServerInitializerConfiguration [EurekaServerInitializerConfiguration.java : 72] Started Eureka Server
